C:\USERS\MICHAEL\DESKTOP\MOAR\CODE\VS2010\MURIPROG\MURIPROG\GENERATEDFILES\QRC_RESOURCES.CPP
C:\USERS\MICHAEL\DESKTOP\MOAR\CODE\VS2010\MURIPROG\MURIPROG\GENERATEDFILES\RELEASE\MOC_ABOUT.CPP
C:\USERS\MICHAEL\DESKTOP\MOAR\CODE\VS2010\MURIPROG\MURIPROG\GENERATEDFILES\RELEASE\MOC_MURIPROG.CPP
C:\USERS\MICHAEL\DESKTOP\MOAR\CODE\VS2010\MURIPROG\MURIPROG\GENERATEDFILES\RELEASE\MOC_SETTINGS.CPP
C:\USERS\MICHAEL\DESKTOP\MOAR\CODE\VS2010\MURIPROG\MURIPROG\GENERATEDFILES\RELEASE\MOC_USB.CPP
C:\USERS\MICHAEL\DESKTOP\MOAR\CODE\VS2010\MURIPROG\MURIPROG\GENERATEDFILES\UI_ABOUT.H
C:\USERS\MICHAEL\DESKTOP\MOAR\CODE\VS2010\MURIPROG\MURIPROG\GENERATEDFILES\UI_MURIPROG.H
C:\USERS\MICHAEL\DESKTOP\MOAR\CODE\VS2010\MURIPROG\MURIPROG\GENERATEDFILES\UI_SETTINGS.H
C:\USERS\MICHAEL\DESKTOP\MOAR\CODE\VS2010\MURIPROG\MURIPROG\RELEASE\ABOUT.OBJ
C:\USERS\MICHAEL\DESKTOP\MOAR\CODE\VS2010\MURIPROG\MURIPROG\RELEASE\BOOTLOADER.OBJ
C:\Users\Michael\Desktop\MOAR\Code\VS2010\MuriProg\MuriProg\Release\cl.command.1.tlog
C:\Users\Michael\Desktop\MOAR\Code\VS2010\MuriProg\MuriProg\Release\CL.read.1.tlog
C:\Users\Michael\Desktop\MOAR\Code\VS2010\MuriProg\MuriProg\Release\CL.write.1.tlog
C:\Users\Michael\Desktop\MOAR\Code\VS2010\MuriProg\MuriProg\Release\custombuild.command.1.tlog
C:\Users\Michael\Desktop\MOAR\Code\VS2010\MuriProg\MuriProg\Release\custombuild.read.1.tlog
C:\Users\Michael\Desktop\MOAR\Code\VS2010\MuriProg\MuriProg\Release\custombuild.write.1.tlog
C:\USERS\MICHAEL\DESKTOP\MOAR\CODE\VS2010\MURIPROG\MURIPROG\RELEASE\HEXLOADER.OBJ
C:\Users\Michael\Desktop\MOAR\Code\VS2010\MuriProg\MuriProg\Release\link.command.1.tlog
C:\Users\Michael\Desktop\MOAR\Code\VS2010\MuriProg\MuriProg\Release\link.read.1.tlog
C:\Users\Michael\Desktop\MOAR\Code\VS2010\MuriProg\MuriProg\Release\link.write.1.tlog
C:\Users\Michael\Desktop\MOAR\Code\VS2010\MuriProg\MuriProg\Release\link-cvtres.read.1.tlog
C:\Users\Michael\Desktop\MOAR\Code\VS2010\MuriProg\MuriProg\Release\link-cvtres.write.1.tlog
C:\USERS\MICHAEL\DESKTOP\MOAR\CODE\VS2010\MURIPROG\MURIPROG\RELEASE\MAIN.OBJ
C:\USERS\MICHAEL\DESKTOP\MOAR\CODE\VS2010\MURIPROG\MURIPROG\RELEASE\MOC_ABOUT.OBJ
C:\USERS\MICHAEL\DESKTOP\MOAR\CODE\VS2010\MURIPROG\MURIPROG\RELEASE\MOC_MURIPROG.OBJ
C:\USERS\MICHAEL\DESKTOP\MOAR\CODE\VS2010\MURIPROG\MURIPROG\RELEASE\MOC_SETTINGS.OBJ
C:\USERS\MICHAEL\DESKTOP\MOAR\CODE\VS2010\MURIPROG\MURIPROG\RELEASE\MOC_USB.OBJ
C:\Users\Michael\Desktop\MOAR\Code\VS2010\MuriProg\MuriProg\Release\mt.command.1.tlog
C:\Users\Michael\Desktop\MOAR\Code\VS2010\MuriProg\MuriProg\Release\mt.read.1.tlog
C:\Users\Michael\Desktop\MOAR\Code\VS2010\MuriProg\MuriProg\Release\mt.write.1.tlog
C:\USERS\MICHAEL\DESKTOP\MOAR\CODE\VS2010\MURIPROG\MURIPROG\RELEASE\MURIPROG.EXE.INTERMEDIATE.MANIFEST
C:\USERS\MICHAEL\DESKTOP\MOAR\CODE\VS2010\MURIPROG\MURIPROG\RELEASE\MURIPROG.OBJ
C:\USERS\MICHAEL\DESKTOP\MOAR\CODE\VS2010\MURIPROG\MURIPROG\RELEASE\MURIPROG.RES
C:\Users\Michael\Desktop\MOAR\Code\VS2010\MuriProg\MuriProg\Release\MuriProg.write.1.tlog
C:\USERS\MICHAEL\DESKTOP\MOAR\CODE\VS2010\MURIPROG\MURIPROG\RELEASE\PICDATA.OBJ
C:\USERS\MICHAEL\DESKTOP\MOAR\CODE\VS2010\MURIPROG\MURIPROG\RELEASE\QRC_RESOURCES.OBJ
C:\Users\Michael\Desktop\MOAR\Code\VS2010\MuriProg\MuriProg\Release\rc.command.1.tlog
C:\Users\Michael\Desktop\MOAR\Code\VS2010\MuriProg\MuriProg\Release\rc.read.1.tlog
C:\Users\Michael\Desktop\MOAR\Code\VS2010\MuriProg\MuriProg\Release\rc.write.1.tlog
C:\USERS\MICHAEL\DESKTOP\MOAR\CODE\VS2010\MURIPROG\MURIPROG\RELEASE\SETTINGS.OBJ
C:\USERS\MICHAEL\DESKTOP\MOAR\CODE\VS2010\MURIPROG\MURIPROG\RELEASE\USB.OBJ
C:\USERS\MICHAEL\DESKTOP\MOAR\CODE\VS2010\MURIPROG\RELEASE\MURIPROG.EXE
